[debug] [2022-11-04T11:32:10.721Z] ----------------------------------------------------------------------
[debug] [2022-11-04T11:32:10.724Z] Command:       C:\Program Files\nodejs\node.exe C:\Users\rajon\AppData\Roaming\npm\node_modules\firebase-tools\lib\bin\firebase.js init
[debug] [2022-11-04T11:32:10.725Z] CLI Version:   11.16.0
[debug] [2022-11-04T11:32:10.725Z] Platform:      win32
[debug] [2022-11-04T11:32:10.726Z] Node Version:  v16.14.2
[debug] [2022-11-04T11:32:10.727Z] Time:          Fri Nov 04 2022 12:32:10 GMT+0100 (West Africa Standard Time)
[debug] [2022-11-04T11:32:10.727Z] ----------------------------------------------------------------------
[debug] 
[debug] [2022-11-04T11:32:10.733Z] >>> [apiv2][query] GET https://firebase-public.firebaseio.com/cli.json [none]
[debug] [2022-11-04T11:32:10.771Z] > command requires scopes: ["email","openid","https://www.googleapis.com/auth/cloudplatformprojects.readonly","https://www.googleapis.com/auth/firebase","https://www.googleapis.com/auth/cloud-platform"]
[debug] [2022-11-04T11:32:10.772Z] > authorizing via signed-in user (rzrreigns@gmail.com)
[info] 
     ######## #### ########  ######## ########     ###     ######  ########
     ##        ##  ##     ## ##       ##     ##  ##   ##  ##       ##
     ######    ##  ########  ######   ########  #########  ######  ######
     ##        ##  ##    ##  ##       ##     ## ##     ##       ## ##
     ##       #### ##     ## ######## ########  ##     ##  ######  ########

You're about to initialize a Firebase project in this directory:

  C:\Users\rajon\my-repos

[debug] [2022-11-04T11:32:11.570Z] <<< [apiv2][status] GET https://firebase-public.firebaseio.com/cli.json 200
[debug] [2022-11-04T11:32:11.570Z] <<< [apiv2][body] GET https://firebase-public.firebaseio.com/cli.json {"cloudBuildErrorAfter":1594252800000,"cloudBuildWarnAfter":1590019200000,"defaultNode10After":1594252800000,"minVersion":"3.0.5","node8DeploysDisabledAfter":1613390400000,"node8RuntimeDisabledAfter":1615809600000,"node8WarnAfter":1600128000000}
